[2025-12-02 14:16:52.415] INFO  Logger initialized
[2025-12-02 14:16:52.415] INFO  === TeamMate Application STARTED ===
[2025-12-02 14:16:52.431] INFO  Loaded 100 participants from data/participants_sample.csv
[2025-12-02 14:16:59.757] INFO  User selected: Form balanced teams
[2025-12-02 14:17:04.837] INFO  Starting team formation: 100 participants, target team size = 7
[2025-12-02 14:17:04.923] INFO  Team formation completed: 14 teams created
[2025-12-02 14:17:04.925] INFO  Teams formed: 14 teams, 100 participants, 95 ms
[2025-12-02 14:17:04.944] INFO  Exported 14 teams to formed_teams.csv
[2025-12-02 14:17:09.362] INFO  User selected: Exit application
[2025-12-02 14:17:09.363] INFO  Logger shutting down
[2025-12-02 14:50:52.573] INFO  Logger initialized
[2025-12-02 14:50:52.573] INFO  === TeamMate Application STARTED ===
[2025-12-02 14:50:52.595] INFO  Loaded 100 participants from data/participants_sample.csv
[2025-12-02 14:51:02.035] INFO  User selected: Form balanced teams
[2025-12-02 14:51:21.572] INFO  Starting team formation: 100 participants, target team size = 6
[2025-12-02 14:51:21.649] INFO  Team formation completed: 16 teams created
[2025-12-02 14:51:21.649] INFO  Teams formed: 16 teams, 100 participants, 91 ms
[2025-12-02 14:51:21.649] INFO  Exported 16 teams to formed_teams.csv
[2025-12-02 14:51:52.984] INFO  User selected: Show club statistics
[2025-12-02 14:51:52.984] INFO  Statistics shown: 100 members | Leaders:34 Balanced:33 Thinkers:33 AvgSkill:5.56
[2025-12-02 14:51:57.405] INFO  User selected: Exit application
[2025-12-02 14:51:57.406] INFO  Logger shutting down
[2025-12-02 17:51:03.977] INFO  Logger initialized
[2025-12-02 17:51:03.977] INFO  === TeamMate Application STARTED ===
[2025-12-02 17:51:04.009] INFO  Loaded 100 participants from data/participants_sample.csv
[2025-12-02 17:51:07.335] INFO  User selected: Show club statistics
[2025-12-02 17:51:07.348] INFO  Statistics shown: 100 members | Leaders:34 Balanced:33 Thinkers:33 AvgSkill:5.56
[2025-12-02 17:51:18.159] INFO  User selected: Exit application
[2025-12-02 17:51:18.159] INFO  Logger shutting down
